2020-08-01 15:56:40 [restartedMain] INFO  c.c.SpringBootRestApiConfigreSlf4jAndLogbackApplication - Starting SpringBootRestApiConfigreSlf4jAndLogbackApplication on DESKTOP-GRNGVFT with PID 11800 (D:\gitHub-Project\git-repo-spring-framework-projects\spring-boot-projects\spring-boot-rest-api-configre-slf4j-and-logback\target\classes started by HP in D:\gitHub-Project\git-repo-spring-framework-projects\spring-boot-projects\spring-boot-rest-api-configre-slf4j-and-logback)
2020-08-01 15:56:40 [restartedMain] INFO  c.c.SpringBootRestApiConfigreSlf4jAndLogbackApplication - No active profile set, falling back to default profiles: default
2020-08-01 15:56:40 [restartedMain] INFO  o.s.b.w.e.tomcat.TomcatWebServer - Tomcat initialized with port(s): 2020 (http)
2020-08-01 15:56:40 [restartedMain] INFO  o.a.catalina.core.StandardService - Starting service [Tomcat]
2020-08-01 15:56:40 [restartedMain] INFO  o.a.catalina.core.StandardEngine - Starting Servlet engine: [Apache Tomcat/9.0.37]
2020-08-01 15:56:41 [restartedMain] INFO  o.a.c.c.C.[Tomcat].[localhost].[/] - Initializing Spring embedded WebApplicationContext
2020-08-01 15:56:41 [restartedMain] INFO  o.s.b.w.s.c.ServletWebServerApplicationContext - Root WebApplicationContext: initialization completed in 376 ms
2020-08-01 15:56:41 [restartedMain] INFO  o.s.s.c.ThreadPoolTaskExecutor - Initializing ExecutorService 'applicationTaskExecutor'
2020-08-01 15:56:41 [restartedMain] INFO  o.s.b.d.a.OptionalLiveReloadServer - LiveReload server is running on port 35729
2020-08-01 15:56:41 [restartedMain] INFO  o.s.b.w.e.tomcat.TomcatWebServer - Tomcat started on port(s): 2020 (http) with context path ''
2020-08-01 15:56:41 [restartedMain] INFO  c.c.SpringBootRestApiConfigreSlf4jAndLogbackApplication - Started SpringBootRestApiConfigreSlf4jAndLogbackApplication in 0.494 seconds (JVM running for 5936.08)
2020-08-01 15:56:41 [restartedMain] INFO  o.s.b.d.a.ConditionEvaluationDeltaLoggingListener - Condition evaluation unchanged
2020-08-01 15:57:15 [http-nio-2020-exec-2] INFO  o.a.c.c.C.[Tomcat].[localhost].[/] - Initializing Spring DispatcherServlet 'dispatcherServlet'
2020-08-01 15:57:16 [http-nio-2020-exec-2] DEBUG c.c.controller.EmployeeController - RequestAnjali Chauhan
2020-08-01 15:57:16 [http-nio-2020-exec-2] DEBUG c.c.controller.EmployeeController - Response Hey! Anjali Chauhan Welcome to Spring Boot Logging. 
2020-08-01 15:57:29 [Thread-414] INFO  o.s.s.c.ThreadPoolTaskExecutor - Shutting down ExecutorService 'applicationTaskExecutor'
2020-08-01 15:57:30 [restartedMain] INFO  c.c.SpringBootRestApiConfigreSlf4jAndLogbackApplication - Starting SpringBootRestApiConfigreSlf4jAndLogbackApplication on DESKTOP-GRNGVFT with PID 11800 (D:\gitHub-Project\git-repo-spring-framework-projects\spring-boot-projects\spring-boot-rest-api-configre-slf4j-and-logback\target\classes started by HP in D:\gitHub-Project\git-repo-spring-framework-projects\spring-boot-projects\spring-boot-rest-api-configre-slf4j-and-logback)
2020-08-01 15:57:30 [restartedMain] INFO  c.c.SpringBootRestApiConfigreSlf4jAndLogbackApplication - No active profile set, falling back to default profiles: default
2020-08-01 15:57:30 [restartedMain] INFO  o.s.b.w.e.tomcat.TomcatWebServer - Tomcat initialized with port(s): 2020 (http)
2020-08-01 15:57:30 [restartedMain] INFO  o.a.catalina.core.StandardService - Starting service [Tomcat]
2020-08-01 15:57:30 [restartedMain] INFO  o.a.catalina.core.StandardEngine - Starting Servlet engine: [Apache Tomcat/9.0.37]
2020-08-01 15:57:30 [restartedMain] INFO  o.a.c.c.C.[Tomcat].[localhost].[/] - Initializing Spring embedded WebApplicationContext
2020-08-01 15:57:30 [restartedMain] INFO  o.s.b.w.s.c.ServletWebServerApplicationContext - Root WebApplicationContext: initialization completed in 327 ms
2020-08-01 15:57:30 [restartedMain] INFO  o.s.s.c.ThreadPoolTaskExecutor - Initializing ExecutorService 'applicationTaskExecutor'
2020-08-01 15:57:30 [restartedMain] INFO  o.s.b.d.a.OptionalLiveReloadServer - LiveReload server is running on port 35729
2020-08-01 15:57:30 [restartedMain] INFO  o.s.b.w.e.tomcat.TomcatWebServer - Tomcat started on port(s): 2020 (http) with context path ''
2020-08-01 15:57:30 [restartedMain] INFO  c.c.SpringBootRestApiConfigreSlf4jAndLogbackApplication - Started SpringBootRestApiConfigreSlf4jAndLogbackApplication in 0.458 seconds (JVM running for 5985.51)
2020-08-01 15:57:30 [restartedMain] INFO  o.s.b.d.a.ConditionEvaluationDeltaLoggingListener - Condition evaluation unchanged
2020-08-01 15:57:33 [Thread-421] INFO  o.s.s.c.ThreadPoolTaskExecutor - Shutting down ExecutorService 'applicationTaskExecutor'
2020-08-01 15:57:33 [restartedMain] INFO  c.c.SpringBootRestApiConfigreSlf4jAndLogbackApplication - Starting SpringBootRestApiConfigreSlf4jAndLogbackApplication on DESKTOP-GRNGVFT with PID 11800 (D:\gitHub-Project\git-repo-spring-framework-projects\spring-boot-projects\spring-boot-rest-api-configre-slf4j-and-logback\target\classes started by HP in D:\gitHub-Project\git-repo-spring-framework-projects\spring-boot-projects\spring-boot-rest-api-configre-slf4j-and-logback)
2020-08-01 15:57:33 [restartedMain] INFO  c.c.SpringBootRestApiConfigreSlf4jAndLogbackApplication - No active profile set, falling back to default profiles: default
2020-08-01 15:57:33 [restartedMain] INFO  o.s.b.w.e.tomcat.TomcatWebServer - Tomcat initialized with port(s): 2020 (http)
2020-08-01 15:57:33 [restartedMain] INFO  o.a.catalina.core.StandardService - Starting service [Tomcat]
2020-08-01 15:57:33 [restartedMain] INFO  o.a.catalina.core.StandardEngine - Starting Servlet engine: [Apache Tomcat/9.0.37]
2020-08-01 15:57:33 [restartedMain] INFO  o.a.c.c.C.[Tomcat].[localhost].[/] - Initializing Spring embedded WebApplicationContext
2020-08-01 15:57:33 [restartedMain] INFO  o.s.b.w.s.c.ServletWebServerApplicationContext - Root WebApplicationContext: initialization completed in 211 ms
2020-08-01 15:57:33 [restartedMain] INFO  o.s.s.c.ThreadPoolTaskExecutor - Initializing ExecutorService 'applicationTaskExecutor'
2020-08-01 15:57:33 [restartedMain] INFO  o.s.b.d.a.OptionalLiveReloadServer - LiveReload server is running on port 35729
2020-08-01 15:57:33 [restartedMain] INFO  o.s.b.w.e.tomcat.TomcatWebServer - Tomcat started on port(s): 2020 (http) with context path ''
2020-08-01 15:57:33 [restartedMain] INFO  c.c.SpringBootRestApiConfigreSlf4jAndLogbackApplication - Started SpringBootRestApiConfigreSlf4jAndLogbackApplication in 0.301 seconds (JVM running for 5988.555)
2020-08-01 15:57:33 [restartedMain] INFO  o.s.b.d.a.ConditionEvaluationDeltaLoggingListener - Condition evaluation unchanged
2020-08-01 15:57:36 [Thread-428] INFO  o.s.s.c.ThreadPoolTaskExecutor - Shutting down ExecutorService 'applicationTaskExecutor'
2020-08-01 15:57:36 [restartedMain] INFO  c.c.SpringBootRestApiConfigreSlf4jAndLogbackApplication - Starting SpringBootRestApiConfigreSlf4jAndLogbackApplication on DESKTOP-GRNGVFT with PID 11800 (D:\gitHub-Project\git-repo-spring-framework-projects\spring-boot-projects\spring-boot-rest-api-configre-slf4j-and-logback\target\classes started by HP in D:\gitHub-Project\git-repo-spring-framework-projects\spring-boot-projects\spring-boot-rest-api-configre-slf4j-and-logback)
2020-08-01 15:57:36 [restartedMain] INFO  c.c.SpringBootRestApiConfigreSlf4jAndLogbackApplication - No active profile set, falling back to default profiles: default
2020-08-01 15:57:36 [restartedMain] INFO  o.s.b.w.e.tomcat.TomcatWebServer - Tomcat initialized with port(s): 2020 (http)
2020-08-01 15:57:36 [restartedMain] INFO  o.a.catalina.core.StandardService - Starting service [Tomcat]
2020-08-01 15:57:36 [restartedMain] INFO  o.a.catalina.core.StandardEngine - Starting Servlet engine: [Apache Tomcat/9.0.37]
2020-08-01 15:57:36 [restartedMain] INFO  o.a.c.c.C.[Tomcat].[localhost].[/] - Initializing Spring embedded WebApplicationContext
2020-08-01 15:57:36 [restartedMain] INFO  o.s.b.w.s.c.ServletWebServerApplicationContext - Root WebApplicationContext: initialization completed in 250 ms
2020-08-01 15:57:36 [restartedMain] INFO  o.s.s.c.ThreadPoolTaskExecutor - Initializing ExecutorService 'applicationTaskExecutor'
2020-08-01 15:57:36 [restartedMain] INFO  o.s.b.d.a.OptionalLiveReloadServer - LiveReload server is running on port 35729
2020-08-01 15:57:36 [restartedMain] INFO  o.s.b.w.e.tomcat.TomcatWebServer - Tomcat started on port(s): 2020 (http) with context path ''
2020-08-01 15:57:36 [restartedMain] INFO  c.c.SpringBootRestApiConfigreSlf4jAndLogbackApplication - Started SpringBootRestApiConfigreSlf4jAndLogbackApplication in 0.422 seconds (JVM running for 5991.719)
2020-08-01 15:57:36 [restartedMain] INFO  o.s.b.d.a.ConditionEvaluationDeltaLoggingListener - Condition evaluation unchanged
2020-08-01 15:57:39 [Thread-435] INFO  o.s.s.c.ThreadPoolTaskExecutor - Shutting down ExecutorService 'applicationTaskExecutor'
2020-08-01 15:57:39 [restartedMain] INFO  c.c.SpringBootRestApiConfigreSlf4jAndLogbackApplication - Starting SpringBootRestApiConfigreSlf4jAndLogbackApplication on DESKTOP-GRNGVFT with PID 11800 (D:\gitHub-Project\git-repo-spring-framework-projects\spring-boot-projects\spring-boot-rest-api-configre-slf4j-and-logback\target\classes started by HP in D:\gitHub-Project\git-repo-spring-framework-projects\spring-boot-projects\spring-boot-rest-api-configre-slf4j-and-logback)
2020-08-01 15:57:39 [restartedMain] INFO  c.c.SpringBootRestApiConfigreSlf4jAndLogbackApplication - No active profile set, falling back to default profiles: default
2020-08-01 15:57:39 [restartedMain] INFO  o.s.b.w.e.tomcat.TomcatWebServer - Tomcat initialized with port(s): 2020 (http)
2020-08-01 15:57:39 [restartedMain] INFO  o.a.catalina.core.StandardService - Starting service [Tomcat]
2020-08-01 15:57:39 [restartedMain] INFO  o.a.catalina.core.StandardEngine - Starting Servlet engine: [Apache Tomcat/9.0.37]
2020-08-01 15:57:39 [restartedMain] INFO  o.a.c.c.C.[Tomcat].[localhost].[/] - Initializing Spring embedded WebApplicationContext
2020-08-01 15:57:39 [restartedMain] INFO  o.s.b.w.s.c.ServletWebServerApplicationContext - Root WebApplicationContext: initialization completed in 239 ms
2020-08-01 15:57:39 [restartedMain] INFO  o.s.s.c.ThreadPoolTaskExecutor - Initializing ExecutorService 'applicationTaskExecutor'
2020-08-01 15:57:39 [restartedMain] INFO  o.s.b.d.a.OptionalLiveReloadServer - LiveReload server is running on port 35729
2020-08-01 15:57:39 [restartedMain] INFO  o.s.b.w.e.tomcat.TomcatWebServer - Tomcat started on port(s): 2020 (http) with context path ''
2020-08-01 15:57:39 [restartedMain] INFO  c.c.SpringBootRestApiConfigreSlf4jAndLogbackApplication - Started SpringBootRestApiConfigreSlf4jAndLogbackApplication in 0.341 seconds (JVM running for 5994.737)
2020-08-01 15:57:39 [restartedMain] INFO  o.s.b.d.a.ConditionEvaluationDeltaLoggingListener - Condition evaluation unchanged
2020-08-01 15:57:41 [Thread-442] INFO  o.s.s.c.ThreadPoolTaskExecutor - Shutting down ExecutorService 'applicationTaskExecutor'
2020-08-01 15:57:41 [restartedMain] INFO  c.c.SpringBootRestApiConfigreSlf4jAndLogbackApplication - Starting SpringBootRestApiConfigreSlf4jAndLogbackApplication on DESKTOP-GRNGVFT with PID 11800 (D:\gitHub-Project\git-repo-spring-framework-projects\spring-boot-projects\spring-boot-rest-api-configre-slf4j-and-logback\target\classes started by HP in D:\gitHub-Project\git-repo-spring-framework-projects\spring-boot-projects\spring-boot-rest-api-configre-slf4j-and-logback)
2020-08-01 15:57:41 [restartedMain] INFO  c.c.SpringBootRestApiConfigreSlf4jAndLogbackApplication - No active profile set, falling back to default profiles: default
2020-08-01 15:57:41 [restartedMain] INFO  o.s.b.w.e.tomcat.TomcatWebServer - Tomcat initialized with port(s): 2020 (http)
2020-08-01 15:57:41 [restartedMain] INFO  o.a.catalina.core.StandardService - Starting service [Tomcat]
2020-08-01 15:57:41 [restartedMain] INFO  o.a.catalina.core.StandardEngine - Starting Servlet engine: [Apache Tomcat/9.0.37]
2020-08-01 15:57:41 [restartedMain] INFO  o.a.c.c.C.[Tomcat].[localhost].[/] - Initializing Spring embedded WebApplicationContext
2020-08-01 15:57:41 [restartedMain] INFO  o.s.b.w.s.c.ServletWebServerApplicationContext - Root WebApplicationContext: initialization completed in 213 ms
2020-08-01 15:57:41 [restartedMain] INFO  o.s.s.c.ThreadPoolTaskExecutor - Initializing ExecutorService 'applicationTaskExecutor'
2020-08-01 15:57:41 [restartedMain] INFO  o.s.b.d.a.OptionalLiveReloadServer - LiveReload server is running on port 35729
2020-08-01 15:57:41 [restartedMain] INFO  o.s.b.w.e.tomcat.TomcatWebServer - Tomcat started on port(s): 2020 (http) with context path ''
2020-08-01 15:57:41 [restartedMain] INFO  c.c.SpringBootRestApiConfigreSlf4jAndLogbackApplication - Started SpringBootRestApiConfigreSlf4jAndLogbackApplication in 0.345 seconds (JVM running for 5996.761)
2020-08-01 15:57:41 [restartedMain] INFO  o.s.b.d.a.ConditionEvaluationDeltaLoggingListener - Condition evaluation unchanged
2020-08-01 15:57:54 [Thread-449] INFO  o.s.s.c.ThreadPoolTaskExecutor - Shutting down ExecutorService 'applicationTaskExecutor'
2020-08-01 15:57:54 [restartedMain] INFO  c.c.SpringBootRestApiConfigreSlf4jAndLogbackApplication - Starting SpringBootRestApiConfigreSlf4jAndLogbackApplication on DESKTOP-GRNGVFT with PID 11800 (D:\gitHub-Project\git-repo-spring-framework-projects\spring-boot-projects\spring-boot-rest-api-configre-slf4j-and-logback\target\classes started by HP in D:\gitHub-Project\git-repo-spring-framework-projects\spring-boot-projects\spring-boot-rest-api-configre-slf4j-and-logback)
2020-08-01 15:57:54 [restartedMain] INFO  c.c.SpringBootRestApiConfigreSlf4jAndLogbackApplication - No active profile set, falling back to default profiles: default
2020-08-01 15:57:54 [restartedMain] INFO  o.s.b.w.e.tomcat.TomcatWebServer - Tomcat initialized with port(s): 2020 (http)
2020-08-01 15:57:54 [restartedMain] INFO  o.a.catalina.core.StandardService - Starting service [Tomcat]
2020-08-01 15:57:54 [restartedMain] INFO  o.a.catalina.core.StandardEngine - Starting Servlet engine: [Apache Tomcat/9.0.37]
2020-08-01 15:57:54 [restartedMain] INFO  o.a.c.c.C.[Tomcat].[localhost].[/] - Initializing Spring embedded WebApplicationContext
2020-08-01 15:57:54 [restartedMain] INFO  o.s.b.w.s.c.ServletWebServerApplicationContext - Root WebApplicationContext: initialization completed in 221 ms
2020-08-01 15:57:54 [restartedMain] INFO  o.s.s.c.ThreadPoolTaskExecutor - Initializing ExecutorService 'applicationTaskExecutor'
2020-08-01 15:57:54 [restartedMain] INFO  o.s.b.d.a.OptionalLiveReloadServer - LiveReload server is running on port 35729
2020-08-01 15:57:54 [restartedMain] INFO  o.s.b.w.e.tomcat.TomcatWebServer - Tomcat started on port(s): 2020 (http) with context path ''
2020-08-01 15:57:54 [restartedMain] INFO  c.c.SpringBootRestApiConfigreSlf4jAndLogbackApplication - Started SpringBootRestApiConfigreSlf4jAndLogbackApplication in 0.356 seconds (JVM running for 6009.885)
2020-08-01 15:57:54 [restartedMain] INFO  o.s.b.d.a.ConditionEvaluationDeltaLoggingListener - Condition evaluation unchanged
2020-08-01 15:58:03 [Thread-456] INFO  o.s.s.c.ThreadPoolTaskExecutor - Shutting down ExecutorService 'applicationTaskExecutor'
2020-08-01 15:58:03 [restartedMain] INFO  c.c.SpringBootRestApiConfigreSlf4jAndLogbackApplication - Starting SpringBootRestApiConfigreSlf4jAndLogbackApplication on DESKTOP-GRNGVFT with PID 11800 (D:\gitHub-Project\git-repo-spring-framework-projects\spring-boot-projects\spring-boot-rest-api-configre-slf4j-and-logback\target\classes started by HP in D:\gitHub-Project\git-repo-spring-framework-projects\spring-boot-projects\spring-boot-rest-api-configre-slf4j-and-logback)
2020-08-01 15:58:03 [restartedMain] INFO  c.c.SpringBootRestApiConfigreSlf4jAndLogbackApplication - No active profile set, falling back to default profiles: default
2020-08-01 15:58:03 [restartedMain] INFO  o.s.b.w.e.tomcat.TomcatWebServer - Tomcat initialized with port(s): 2020 (http)
2020-08-01 15:58:03 [restartedMain] INFO  o.a.catalina.core.StandardService - Starting service [Tomcat]
2020-08-01 15:58:03 [restartedMain] INFO  o.a.catalina.core.StandardEngine - Starting Servlet engine: [Apache Tomcat/9.0.37]
2020-08-01 15:58:03 [restartedMain] INFO  o.a.c.c.C.[Tomcat].[localhost].[/] - Initializing Spring embedded WebApplicationContext
2020-08-01 15:58:03 [restartedMain] INFO  o.s.b.w.s.c.ServletWebServerApplicationContext - Root WebApplicationContext: initialization completed in 185 ms
2020-08-01 15:58:03 [restartedMain] INFO  o.s.s.c.ThreadPoolTaskExecutor - Initializing ExecutorService 'applicationTaskExecutor'
2020-08-01 15:58:03 [restartedMain] INFO  o.s.b.d.a.OptionalLiveReloadServer - LiveReload server is running on port 35729
2020-08-01 15:58:03 [restartedMain] INFO  o.s.b.w.e.tomcat.TomcatWebServer - Tomcat started on port(s): 2020 (http) with context path ''
2020-08-01 15:58:03 [restartedMain] INFO  c.c.SpringBootRestApiConfigreSlf4jAndLogbackApplication - Started SpringBootRestApiConfigreSlf4jAndLogbackApplication in 0.326 seconds (JVM running for 6018.934)
2020-08-01 15:58:03 [restartedMain] INFO  o.s.b.d.a.ConditionEvaluationDeltaLoggingListener - Condition evaluation unchanged
2020-08-01 15:58:07 [Thread-463] INFO  o.s.s.c.ThreadPoolTaskExecutor - Shutting down ExecutorService 'applicationTaskExecutor'
2020-08-01 15:58:07 [restartedMain] INFO  c.c.SpringBootRestApiConfigreSlf4jAndLogbackApplication - Starting SpringBootRestApiConfigreSlf4jAndLogbackApplication on DESKTOP-GRNGVFT with PID 11800 (D:\gitHub-Project\git-repo-spring-framework-projects\spring-boot-projects\spring-boot-rest-api-configre-slf4j-and-logback\target\classes started by HP in D:\gitHub-Project\git-repo-spring-framework-projects\spring-boot-projects\spring-boot-rest-api-configre-slf4j-and-logback)
2020-08-01 15:58:07 [restartedMain] INFO  c.c.SpringBootRestApiConfigreSlf4jAndLogbackApplication - No active profile set, falling back to default profiles: default
2020-08-01 15:58:07 [restartedMain] INFO  o.s.b.w.e.tomcat.TomcatWebServer - Tomcat initialized with port(s): 2020 (http)
2020-08-01 15:58:07 [restartedMain] INFO  o.a.catalina.core.StandardService - Starting service [Tomcat]
2020-08-01 15:58:07 [restartedMain] INFO  o.a.catalina.core.StandardEngine - Starting Servlet engine: [Apache Tomcat/9.0.37]
2020-08-01 15:58:07 [restartedMain] INFO  o.a.c.c.C.[Tomcat].[localhost].[/] - Initializing Spring embedded WebApplicationContext
2020-08-01 15:58:07 [restartedMain] INFO  o.s.b.w.s.c.ServletWebServerApplicationContext - Root WebApplicationContext: initialization completed in 208 ms
2020-08-01 15:58:07 [restartedMain] INFO  o.s.s.c.ThreadPoolTaskExecutor - Initializing ExecutorService 'applicationTaskExecutor'
2020-08-01 15:58:07 [restartedMain] INFO  o.s.b.d.a.OptionalLiveReloadServer - LiveReload server is running on port 35729
2020-08-01 15:58:07 [restartedMain] INFO  o.s.b.w.e.tomcat.TomcatWebServer - Tomcat started on port(s): 2020 (http) with context path ''
2020-08-01 15:58:07 [restartedMain] INFO  c.c.SpringBootRestApiConfigreSlf4jAndLogbackApplication - Started SpringBootRestApiConfigreSlf4jAndLogbackApplication in 0.311 seconds (JVM running for 6022.858)
2020-08-01 15:58:07 [restartedMain] INFO  o.s.b.d.a.ConditionEvaluationDeltaLoggingListener - Condition evaluation unchanged
2020-08-01 15:58:22 [Thread-470] INFO  o.s.s.c.ThreadPoolTaskExecutor - Shutting down ExecutorService 'applicationTaskExecutor'
2020-08-01 15:58:22 [restartedMain] INFO  c.c.SpringBootRestApiConfigreSlf4jAndLogbackApplication - Starting SpringBootRestApiConfigreSlf4jAndLogbackApplication on DESKTOP-GRNGVFT with PID 11800 (D:\gitHub-Project\git-repo-spring-framework-projects\spring-boot-projects\spring-boot-rest-api-configre-slf4j-and-logback\target\classes started by HP in D:\gitHub-Project\git-repo-spring-framework-projects\spring-boot-projects\spring-boot-rest-api-configre-slf4j-and-logback)
2020-08-01 15:58:22 [restartedMain] INFO  c.c.SpringBootRestApiConfigreSlf4jAndLogbackApplication - No active profile set, falling back to default profiles: default
2020-08-01 15:58:22 [restartedMain] INFO  o.s.b.w.e.tomcat.TomcatWebServer - Tomcat initialized with port(s): 2020 (http)
2020-08-01 15:58:22 [restartedMain] INFO  o.a.catalina.core.StandardService - Starting service [Tomcat]
2020-08-01 15:58:22 [restartedMain] INFO  o.a.catalina.core.StandardEngine - Starting Servlet engine: [Apache Tomcat/9.0.37]
2020-08-01 15:58:22 [restartedMain] INFO  o.a.c.c.C.[Tomcat].[localhost].[/] - Initializing Spring embedded WebApplicationContext
2020-08-01 15:58:22 [restartedMain] INFO  o.s.b.w.s.c.ServletWebServerApplicationContext - Root WebApplicationContext: initialization completed in 199 ms
2020-08-01 15:58:22 [restartedMain] INFO  o.s.s.c.ThreadPoolTaskExecutor - Initializing ExecutorService 'applicationTaskExecutor'
2020-08-01 15:58:22 [restartedMain] INFO  o.s.b.d.a.OptionalLiveReloadServer - LiveReload server is running on port 35729
2020-08-01 15:58:22 [restartedMain] INFO  o.s.b.w.e.tomcat.TomcatWebServer - Tomcat started on port(s): 2020 (http) with context path ''
2020-08-01 15:58:22 [restartedMain] INFO  c.c.SpringBootRestApiConfigreSlf4jAndLogbackApplication - Started SpringBootRestApiConfigreSlf4jAndLogbackApplication in 0.288 seconds (JVM running for 6037.924)
2020-08-01 15:58:22 [restartedMain] INFO  o.s.b.d.a.ConditionEvaluationDeltaLoggingListener - Condition evaluation unchanged
2020-08-01 15:58:35 [http-nio-2020-exec-2] INFO  o.a.c.c.C.[Tomcat].[localhost].[/] - Initializing Spring DispatcherServlet 'dispatcherServlet'
2020-08-01 15:58:35 [http-nio-2020-exec-2] DEBUG c.c.controller.EmployeeController - RequestAdarsh Chauhan
2020-08-01 15:58:35 [http-nio-2020-exec-2] DEBUG c.c.controller.EmployeeController - Response Hey! Adarsh Chauhan Welcome to Spring Boot Logging. 
2020-08-01 15:58:43 [Thread-477] INFO  o.s.s.c.ThreadPoolTaskExecutor - Shutting down ExecutorService 'applicationTaskExecutor'
2020-08-01 15:58:43 [restartedMain] INFO  c.c.SpringBootRestApiConfigreSlf4jAndLogbackApplication - Starting SpringBootRestApiConfigreSlf4jAndLogbackApplication on DESKTOP-GRNGVFT with PID 11800 (D:\gitHub-Project\git-repo-spring-framework-projects\spring-boot-projects\spring-boot-rest-api-configre-slf4j-and-logback\target\classes started by HP in D:\gitHub-Project\git-repo-spring-framework-projects\spring-boot-projects\spring-boot-rest-api-configre-slf4j-and-logback)
2020-08-01 15:58:43 [restartedMain] INFO  c.c.SpringBootRestApiConfigreSlf4jAndLogbackApplication - No active profile set, falling back to default profiles: default
2020-08-01 15:58:43 [restartedMain] INFO  o.s.b.w.e.tomcat.TomcatWebServer - Tomcat initialized with port(s): 2020 (http)
2020-08-01 15:58:43 [restartedMain] INFO  o.a.catalina.core.StandardService - Starting service [Tomcat]
2020-08-01 15:58:43 [restartedMain] INFO  o.a.catalina.core.StandardEngine - Starting Servlet engine: [Apache Tomcat/9.0.37]
2020-08-01 15:58:43 [restartedMain] INFO  o.a.c.c.C.[Tomcat].[localhost].[/] - Initializing Spring embedded WebApplicationContext
2020-08-01 15:58:43 [restartedMain] INFO  o.s.b.w.s.c.ServletWebServerApplicationContext - Root WebApplicationContext: initialization completed in 251 ms
2020-08-01 15:58:44 [restartedMain] INFO  o.s.s.c.ThreadPoolTaskExecutor - Initializing ExecutorService 'applicationTaskExecutor'
2020-08-01 15:58:44 [restartedMain] INFO  o.s.b.d.a.OptionalLiveReloadServer - LiveReload server is running on port 35729
2020-08-01 15:58:44 [restartedMain] INFO  o.s.b.w.e.tomcat.TomcatWebServer - Tomcat started on port(s): 2020 (http) with context path ''
2020-08-01 15:58:44 [restartedMain] INFO  c.c.SpringBootRestApiConfigreSlf4jAndLogbackApplication - Started SpringBootRestApiConfigreSlf4jAndLogbackApplication in 0.395 seconds (JVM running for 6059.085)
2020-08-01 15:58:44 [restartedMain] INFO  o.s.b.d.a.ConditionEvaluationDeltaLoggingListener - Condition evaluation unchanged
2020-08-01 15:59:11 [Thread-484] INFO  o.s.s.c.ThreadPoolTaskExecutor - Shutting down ExecutorService 'applicationTaskExecutor'
2020-08-01 15:59:12 [restartedMain] INFO  c.c.SpringBootRestApiConfigreSlf4jAndLogbackApplication - Starting SpringBootRestApiConfigreSlf4jAndLogbackApplication on DESKTOP-GRNGVFT with PID 11800 (D:\gitHub-Project\git-repo-spring-framework-projects\spring-boot-projects\spring-boot-rest-api-configre-slf4j-and-logback\target\classes started by HP in D:\gitHub-Project\git-repo-spring-framework-projects\spring-boot-projects\spring-boot-rest-api-configre-slf4j-and-logback)
2020-08-01 15:59:12 [restartedMain] INFO  c.c.SpringBootRestApiConfigreSlf4jAndLogbackApplication - No active profile set, falling back to default profiles: default
2020-08-01 15:59:12 [restartedMain] INFO  o.s.b.w.e.tomcat.TomcatWebServer - Tomcat initialized with port(s): 2020 (http)
2020-08-01 15:59:12 [restartedMain] INFO  o.a.catalina.core.StandardService - Starting service [Tomcat]
2020-08-01 15:59:12 [restartedMain] INFO  o.a.catalina.core.StandardEngine - Starting Servlet engine: [Apache Tomcat/9.0.37]
2020-08-01 15:59:12 [restartedMain] INFO  o.a.c.c.C.[Tomcat].[localhost].[/] - Initializing Spring embedded WebApplicationContext
2020-08-01 15:59:12 [restartedMain] INFO  o.s.b.w.s.c.ServletWebServerApplicationContext - Root WebApplicationContext: initialization completed in 270 ms
2020-08-01 15:59:12 [restartedMain] INFO  o.s.s.c.ThreadPoolTaskExecutor - Initializing ExecutorService 'applicationTaskExecutor'
2020-08-01 15:59:12 [restartedMain] INFO  o.s.b.d.a.OptionalLiveReloadServer - LiveReload server is running on port 35729
2020-08-01 15:59:12 [restartedMain] INFO  o.s.b.w.e.tomcat.TomcatWebServer - Tomcat started on port(s): 2020 (http) with context path ''
2020-08-01 15:59:12 [restartedMain] INFO  c.c.SpringBootRestApiConfigreSlf4jAndLogbackApplication - Started SpringBootRestApiConfigreSlf4jAndLogbackApplication in 0.439 seconds (JVM running for 6087.507)
2020-08-01 15:59:12 [restartedMain] INFO  o.s.b.d.a.ConditionEvaluationDeltaLoggingListener - Condition evaluation unchanged
2020-08-01 15:59:50 [Thread-491] INFO  o.s.s.c.ThreadPoolTaskExecutor - Shutting down ExecutorService 'applicationTaskExecutor'
2020-08-01 16:00:17 [restartedMain] INFO  c.c.SpringBootRestApiConfigreSlf4jAndLogbackApplication - Starting SpringBootRestApiConfigreSlf4jAndLogbackApplication on DESKTOP-GRNGVFT with PID 11800 (D:\gitHub-Project\git-repo-spring-framework-projects\spring-boot-projects\spring-boot-rest-api-configre-slf4j-and-logback\target\classes started by HP in D:\gitHub-Project\git-repo-spring-framework-projects\spring-boot-projects\spring-boot-rest-api-configre-slf4j-and-logback)
2020-08-01 16:00:17 [restartedMain] INFO  c.c.SpringBootRestApiConfigreSlf4jAndLogbackApplication - No active profile set, falling back to default profiles: default
2020-08-01 16:00:17 [restartedMain] INFO  o.s.b.w.e.tomcat.TomcatWebServer - Tomcat initialized with port(s): 2020 (http)
2020-08-01 16:00:17 [restartedMain] INFO  o.a.catalina.core.StandardService - Starting service [Tomcat]
2020-08-01 16:00:17 [restartedMain] INFO  o.a.catalina.core.StandardEngine - Starting Servlet engine: [Apache Tomcat/9.0.37]
2020-08-01 16:00:17 [restartedMain] INFO  o.a.c.c.C.[Tomcat].[localhost].[/] - Initializing Spring embedded WebApplicationContext
2020-08-01 16:00:17 [restartedMain] INFO  o.s.b.w.s.c.ServletWebServerApplicationContext - Root WebApplicationContext: initialization completed in 247 ms
2020-08-01 16:00:17 [restartedMain] INFO  o.s.s.c.ThreadPoolTaskExecutor - Initializing ExecutorService 'applicationTaskExecutor'
2020-08-01 16:00:17 [restartedMain] INFO  o.s.b.d.a.OptionalLiveReloadServer - LiveReload server is running on port 35729
2020-08-01 16:00:17 [restartedMain] INFO  o.s.b.w.e.tomcat.TomcatWebServer - Tomcat started on port(s): 2020 (http) with context path ''
2020-08-01 16:00:17 [restartedMain] INFO  c.c.SpringBootRestApiConfigreSlf4jAndLogbackApplication - Started SpringBootRestApiConfigreSlf4jAndLogbackApplication in 0.45 seconds (JVM running for 6152.659)
2020-08-01 16:00:17 [restartedMain] INFO  o.s.b.d.a.ConditionEvaluationDeltaLoggingListener - Condition evaluation unchanged
2020-08-01 16:01:04 [Thread-498] INFO  o.s.s.c.ThreadPoolTaskExecutor - Shutting down ExecutorService 'applicationTaskExecutor'
