344  [main] DEBUG o.s.core.env.StandardEnvironment - Adding PropertySource 'systemProperties' with lowest search precedence
351  [main] DEBUG o.s.core.env.StandardEnvironment - Adding PropertySource 'systemEnvironment' with lowest search precedence
352  [main] DEBUG o.s.core.env.StandardEnvironment - Initialized StandardEnvironment with PropertySources [MapPropertySource@1783593083 {name='systemProperties', properties={java.runtime.name=Java(TM) SE Runtime Environment, sun.boot.library.path=C:\Program Files\Java\jdk1.8.0_231\jre\bin, java.vm.version=25.231-b11, java.vm.vendor=Oracle Corporation, java.vendor.url=http://java.oracle.com/, path.separator=;, java.vm.name=Java HotSpot(TM) 64-Bit Server VM, file.encoding.pkg=sun.io, user.country=US, user.script=, sun.java.launcher=SUN_STANDARD, sun.os.patch.level=, java.vm.specification.name=Java Virtual Machine Specification, user.dir=D:\gitHub-Project\git-repo-spring-framework-projects\spring framework projects\spring-app-without-using-spring-configuration-file-and-ComponentScanAnnotations, java.runtime.version=1.8.0_231-b11, java.awt.graphicsenv=sun.awt.Win32GraphicsEnvironment, java.endorsed.dirs=C:\Program Files\Java\jdk1.8.0_231\jre\lib\endorsed, os.arch=amd64, java.io.tmpdir=C:\Users\HP\AppData\Local\Temp\, line.separator=
, java.vm.specification.vendor=Oracle Corporation, user.variant=, os.name=Windows 10, sun.jnu.encoding=Cp1252, java.library.path=C:\Program Files\Java\jdk1.8.0_231\bin;C:\Windows\Sun\Java\bin;C:\Windows\system32;C:\Windows;C:/Program Files/Java/jre1.8.0_231/bin/server;C:/Program Files/Java/jre1.8.0_231/bin;C:/Program Files/Java/jre1.8.0_231/lib/amd64;C:\Program Files (x86)\Common Files\Oracle\Java\javapath;C:\Windows\system32;C:\Windows;C:\Windows\System32\Wbem;C:\Windows\System32\WindowsPowerShell\v1.0\;C:\Program Files\Git\cmd;C:\Program Files\nodejs\;C:\Program Files\MySQL\MySQL Shell 8.0\bin\;C:\Users\HP\AppData\Local\Microsoft\WindowsApps;C:\Users\HP\AppData\Roaming\npm;C:\Users\HP\AppData\Local\Programs\Microsoft VS Code\bin;C:\Program Files\MongoDB\Server\4.3\bin;;D:\Oracle-Corporation\Java Environment\Spring Tool Suite\spring-tool-suite-4-4.3.1.RELEASE-e4.12.0-win32.win32.x86_64\sts-4.3.1.RELEASE;;., java.specification.name=Java Platform API Specification, java.class.version=52.0, sun.management.compiler=HotSpot 64-Bit Tiered Compilers, os.version=10.0, user.home=C:\Users\HP, user.timezone=Asia/Calcutta, java.awt.printerjob=sun.awt.windows.WPrinterJob, file.encoding=Cp1252, java.specification.version=1.8, java.class.path=D:\gitHub-Project\git-repo-spring-framework-projects\spring framework projects\spring-app-without-using-spring-configuration-file-and-ComponentScanAnnotations\target\classes;C:\Users\HP\.m2\repository\org\springframework\spring-context\5.0.0.RELEASE\spring-context-5.0.0.RELEASE.jar;C:\Users\HP\.m2\repository\org\springframework\spring-aop\5.0.0.RELEASE\spring-aop-5.0.0.RELEASE.jar;C:\Users\HP\.m2\repository\org\springframework\spring-beans\5.0.0.RELEASE\spring-beans-5.0.0.RELEASE.jar;C:\Users\HP\.m2\repository\org\springframework\spring-core\5.0.0.RELEASE\spring-core-5.0.0.RELEASE.jar;C:\Users\HP\.m2\repository\org\springframework\spring-jcl\5.0.0.RELEASE\spring-jcl-5.0.0.RELEASE.jar;C:\Users\HP\.m2\repository\org\springframework\spring-expression\5.0.0.RELEASE\spring-expression-5.0.0.RELEASE.jar;C:\Users\HP\.m2\repository\org\springframework\spring-web\5.0.0.RELEASE\spring-web-5.0.0.RELEASE.jar;C:\Users\HP\.m2\repository\ch\qos\logback\logback-classic\1.2.3\logback-classic-1.2.3.jar;C:\Users\HP\.m2\repository\ch\qos\logback\logback-core\1.2.3\logback-core-1.2.3.jar;C:\Users\HP\.m2\repository\org\slf4j\slf4j-api\1.7.25\slf4j-api-1.7.25.jar;C:\Users\HP\.m2\repository\org\slf4j\jcl-over-slf4j\1.8.0-alpha2\jcl-over-slf4j-1.8.0-alpha2.jar, user.name=HP, java.vm.specification.version=1.8, sun.java.command=com.chauhansoft.ClientApp, java.home=C:\Program Files\Java\jdk1.8.0_231\jre, sun.arch.data.model=64, user.language=en, java.specification.vendor=Oracle Corporation, awt.toolkit=sun.awt.windows.WToolkit, java.vm.info=mixed mode, java.version=1.8.0_231, java.ext.dirs=C:\Program Files\Java\jdk1.8.0_231\jre\lib\ext;C:\Windows\Sun\Java\lib\ext, sun.boot.class.path=C:\Program Files\Java\jdk1.8.0_231\jre\lib\resources.jar;C:\Program Files\Java\jdk1.8.0_231\jre\lib\rt.jar;C:\Program Files\Java\jdk1.8.0_231\jre\lib\sunrsasign.jar;C:\Program Files\Java\jdk1.8.0_231\jre\lib\jsse.jar;C:\Program Files\Java\jdk1.8.0_231\jre\lib\jce.jar;C:\Program Files\Java\jdk1.8.0_231\jre\lib\charsets.jar;C:\Program Files\Java\jdk1.8.0_231\jre\lib\jfr.jar;C:\Program Files\Java\jdk1.8.0_231\jre\classes, java.vendor=Oracle Corporation, file.separator=\, java.vendor.url.bug=http://bugreport.sun.com/bugreport/, sun.io.unicode.encoding=UnicodeLittle, sun.cpu.endian=little, sun.desktop=windows, sun.cpu.isalist=amd64}}, SystemEnvironmentPropertySource@1750905143 {name='systemEnvironment', properties={USERDOMAIN_ROAMINGPROFILE=DESKTOP-GRNGVFT, LOCALAPPDATA=C:\Users\HP\AppData\Local, PROCESSOR_LEVEL=6, USERDOMAIN=DESKTOP-GRNGVFT, FPS_BROWSER_APP_PROFILE_STRING=Internet Explorer, LOGONSERVER=\\DESKTOP-GRNGVFT, SESSIONNAME=Console, ALLUSERSPROFILE=C:\ProgramData, PROCESSOR_ARCHITECTURE=AMD64, PSModulePath=C:\Program Files\WindowsPowerShell\Modules;C:\Windows\system32\WindowsPowerShell\v1.0\Modules, SystemDrive=C:, OneDrive=C:\Users\HP\OneDrive, =C:=C:\, APPDATA=C:\Users\HP\AppData\Roaming, USERNAME=HP, ProgramFiles(x86)=C:\Program Files (x86), CommonProgramFiles=C:\Program Files\Common Files, Path=C:/Program Files/Java/jre1.8.0_231/bin/server;C:/Program Files/Java/jre1.8.0_231/bin;C:/Program Files/Java/jre1.8.0_231/lib/amd64;C:\Program Files (x86)\Common Files\Oracle\Java\javapath;C:\Windows\system32;C:\Windows;C:\Windows\System32\Wbem;C:\Windows\System32\WindowsPowerShell\v1.0\;C:\Program Files\Git\cmd;C:\Program Files\nodejs\;C:\Program Files\MySQL\MySQL Shell 8.0\bin\;C:\Users\HP\AppData\Local\Microsoft\WindowsApps;C:\Users\HP\AppData\Roaming\npm;C:\Users\HP\AppData\Local\Programs\Microsoft VS Code\bin;C:\Program Files\MongoDB\Server\4.3\bin;;D:\Oracle-Corporation\Java Environment\Spring Tool Suite\spring-tool-suite-4-4.3.1.RELEASE-e4.12.0-win32.win32.x86_64\sts-4.3.1.RELEASE;, FPS_BROWSER_USER_PROFILE_STRING=Default, PATHEXT=.COM;.EXE;.BAT;.CMD;.VBS;.VBE;.JS;.JSE;.WSF;.WSH;.MSC, OS=Windows_NT, COMPUTERNAME=DESKTOP-GRNGVFT, PROCESSOR_REVISION=4501, CommonProgramW6432=C:\Program Files\Common Files, ComSpec=C:\Windows\system32\cmd.exe, ProgramData=C:\ProgramData, ProgramW6432=C:\Program Files, HOMEPATH=\Users\HP, SystemRoot=C:\Windows, TEMP=C:\Users\HP\AppData\Local\Temp, HOMEDRIVE=C:, PROCESSOR_IDENTIFIER=Intel64 Family 6 Model 69 Stepping 1, GenuineIntel, USERPROFILE=C:\Users\HP, TMP=C:\Users\HP\AppData\Local\Temp, CommonProgramFiles(x86)=C:\Program Files (x86)\Common Files, ProgramFiles=C:\Program Files, PUBLIC=C:\Users\Public, NUMBER_OF_PROCESSORS=4, windir=C:\Windows, =::=::\}}]
480  [main] INFO  o.s.c.a.AnnotationConfigApplicationContext - Refreshing org.springframework.context.annotation.AnnotationConfigApplicationContext@2c6a3f77: startup date [Wed May 13 00:48:58 IST 2020]; root of context hierarchy
482  [main] DEBUG o.s.c.a.AnnotationConfigApplicationContext - Bean factory for org.springframework.context.annotation.AnnotationConfigApplicationContext@2c6a3f77: org.springframework.beans.factory.support.DefaultListableBeanFactory@536aaa8d: defining beans [org.springframework.context.annotation.internalConfigurationAnnotationProcessor,org.springframework.context.annotation.internalAutowiredAnnotationProcessor,org.springframework.context.annotation.internalRequiredAnnotationProcessor,org.springframework.context.annotation.internalCommonAnnotationProcessor,org.springframework.context.event.internalEventListenerProcessor,org.springframework.context.event.internalEventListenerFactory,springConfigurationClassFile]; root of factory hierarchy
510  [main] DEBUG o.s.b.f.s.DefaultListableBeanFactory - Creating shared instance of singleton bean 'org.springframework.context.annotation.internalConfigurationAnnotationProcessor'
511  [main] DEBUG o.s.b.f.s.DefaultListableBeanFactory - Creating instance of bean 'org.springframework.context.annotation.internalConfigurationAnnotationProcessor'
532  [main] DEBUG o.s.b.f.s.DefaultListableBeanFactory - Eagerly caching bean 'org.springframework.context.annotation.internalConfigurationAnnotationProcessor' to allow for resolving potential circular references
535  [main] DEBUG o.s.b.f.s.DefaultListableBeanFactory - Finished creating instance of bean 'org.springframework.context.annotation.internalConfigurationAnnotationProcessor'
573  [main] DEBUG o.s.core.env.StandardEnvironment - Adding PropertySource 'class path resource [demo-bean-info]' with lowest search precedence
613  [main] DEBUG o.s.c.a.ConfigurationClassBeanDefinitionReader - Registering bean definition for @Bean method com.chauhansoft.SpringConfigurationClassFile.engineer()
614  [main] DEBUG o.s.c.a.ConfigurationClassBeanDefinitionReader - Registering bean definition for @Bean method com.chauhansoft.SpringConfigurationClassFile.demoBean()
704  [main] DEBUG o.s.c.a.ConfigurationClassEnhancer - Successfully enhanced com.chauhansoft.SpringConfigurationClassFile; enhanced class name is: com.chauhansoft.SpringConfigurationClassFile$$EnhancerBySpringCGLIB$$4b4d4618
705  [main] DEBUG o.s.c.a.ConfigurationClassPostProcessor - Replacing bean definition 'springConfigurationClassFile' existing class 'com.chauhansoft.SpringConfigurationClassFile' with enhanced class 'com.chauhansoft.SpringConfigurationClassFile$$EnhancerBySpringCGLIB$$4b4d4618'
707  [main] DEBUG o.s.b.f.s.DefaultListableBeanFactory - Creating shared instance of singleton bean 'org.springframework.context.annotation.internalAutowiredAnnotationProcessor'
707  [main] DEBUG o.s.b.f.s.DefaultListableBeanFactory - Creating instance of bean 'org.springframework.context.annotation.internalAutowiredAnnotationProcessor'
708  [main] DEBUG o.s.b.f.s.DefaultListableBeanFactory - Eagerly caching bean 'org.springframework.context.annotation.internalAutowiredAnnotationProcessor' to allow for resolving potential circular references
742  [main] DEBUG o.s.b.f.s.DefaultListableBeanFactory - Finished creating instance of bean 'org.springframework.context.annotation.internalAutowiredAnnotationProcessor'
742  [main] DEBUG o.s.b.f.s.DefaultListableBeanFactory - Creating shared instance of singleton bean 'org.springframework.context.annotation.internalRequiredAnnotationProcessor'
742  [main] DEBUG o.s.b.f.s.DefaultListableBeanFactory - Creating instance of bean 'org.springframework.context.annotation.internalRequiredAnnotationProcessor'
743  [main] DEBUG o.s.b.f.s.DefaultListableBeanFactory - Eagerly caching bean 'org.springframework.context.annotation.internalRequiredAnnotationProcessor' to allow for resolving potential circular references
749  [main] DEBUG o.s.b.f.s.DefaultListableBeanFactory - Finished creating instance of bean 'org.springframework.context.annotation.internalRequiredAnnotationProcessor'
749  [main] DEBUG o.s.b.f.s.DefaultListableBeanFactory - Creating shared instance of singleton bean 'org.springframework.context.annotation.internalCommonAnnotationProcessor'
749  [main] DEBUG o.s.b.f.s.DefaultListableBeanFactory - Creating instance of bean 'org.springframework.context.annotation.internalCommonAnnotationProcessor'
753  [main] DEBUG o.s.b.f.s.DefaultListableBeanFactory - Eagerly caching bean 'org.springframework.context.annotation.internalCommonAnnotationProcessor' to allow for resolving potential circular references
763  [main] DEBUG o.s.b.f.s.DefaultListableBeanFactory - Finished creating instance of bean 'org.springframework.context.annotation.internalCommonAnnotationProcessor'
765  [main] DEBUG o.s.c.a.AnnotationConfigApplicationContext - Unable to locate MessageSource with name 'messageSource': using default [org.springframework.context.support.DelegatingMessageSource@65466a6a]
768  [main] DEBUG o.s.c.a.AnnotationConfigApplicationContext - Unable to locate ApplicationEventMulticaster with name 'applicationEventMulticaster': using default [org.springframework.context.event.SimpleApplicationEventMulticaster@3eb7fc54]
770  [main] DEBUG o.s.b.f.s.DefaultListableBeanFactory - Pre-instantiating singletons in org.springframework.beans.factory.support.DefaultListableBeanFactory@536aaa8d: defining beans [org.springframework.context.annotation.internalConfigurationAnnotationProcessor,org.springframework.context.annotation.internalAutowiredAnnotationProcessor,org.springframework.context.annotation.internalRequiredAnnotationProcessor,org.springframework.context.annotation.internalCommonAnnotationProcessor,org.springframework.context.event.internalEventListenerProcessor,org.springframework.context.event.internalEventListenerFactory,springConfigurationClassFile,engineer,demoBean]; root of factory hierarchy
770  [main] DEBUG o.s.b.f.s.DefaultListableBeanFactory - Returning cached instance of singleton bean 'org.springframework.context.annotation.internalConfigurationAnnotationProcessor'
770  [main] DEBUG o.s.b.f.s.DefaultListableBeanFactory - Returning cached instance of singleton bean 'org.springframework.context.annotation.internalAutowiredAnnotationProcessor'
771  [main] DEBUG o.s.b.f.s.DefaultListableBeanFactory - Returning cached instance of singleton bean 'org.springframework.context.annotation.internalRequiredAnnotationProcessor'
771  [main] DEBUG o.s.b.f.s.DefaultListableBeanFactory - Returning cached instance of singleton bean 'org.springframework.context.annotation.internalCommonAnnotationProcessor'
771  [main] DEBUG o.s.b.f.s.DefaultListableBeanFactory - Creating shared instance of singleton bean 'org.springframework.context.event.internalEventListenerProcessor'
771  [main] DEBUG o.s.b.f.s.DefaultListableBeanFactory - Creating instance of bean 'org.springframework.context.event.internalEventListenerProcessor'
784  [main] DEBUG o.s.b.f.s.DefaultListableBeanFactory - Eagerly caching bean 'org.springframework.context.event.internalEventListenerProcessor' to allow for resolving potential circular references
788  [main] DEBUG o.s.b.f.s.DefaultListableBeanFactory - Finished creating instance of bean 'org.springframework.context.event.internalEventListenerProcessor'
788  [main] DEBUG o.s.b.f.s.DefaultListableBeanFactory - Creating shared instance of singleton bean 'org.springframework.context.event.internalEventListenerFactory'
788  [main] DEBUG o.s.b.f.s.DefaultListableBeanFactory - Creating instance of bean 'org.springframework.context.event.internalEventListenerFactory'
789  [main] DEBUG o.s.b.f.s.DefaultListableBeanFactory - Eagerly caching bean 'org.springframework.context.event.internalEventListenerFactory' to allow for resolving potential circular references
793  [main] DEBUG o.s.b.f.s.DefaultListableBeanFactory - Finished creating instance of bean 'org.springframework.context.event.internalEventListenerFactory'
794  [main] DEBUG o.s.b.f.s.DefaultListableBeanFactory - Creating shared instance of singleton bean 'springConfigurationClassFile'
794  [main] DEBUG o.s.b.f.s.DefaultListableBeanFactory - Creating instance of bean 'springConfigurationClassFile'
795  [main] DEBUG o.s.b.f.s.DefaultListableBeanFactory - Eagerly caching bean 'springConfigurationClassFile' to allow for resolving potential circular references
800  [main] DEBUG o.s.b.f.s.DefaultListableBeanFactory - Finished creating instance of bean 'springConfigurationClassFile'
800  [main] DEBUG o.s.b.f.s.DefaultListableBeanFactory - Creating shared instance of singleton bean 'engineer'
800  [main] DEBUG o.s.b.f.s.DefaultListableBeanFactory - Creating instance of bean 'engineer'
803  [main] DEBUG o.s.b.f.s.DefaultListableBeanFactory - Returning cached instance of singleton bean 'springConfigurationClassFile'
834  [main] DEBUG o.s.b.f.s.DefaultListableBeanFactory - Eagerly caching bean 'engineer' to allow for resolving potential circular references
835  [main] DEBUG o.s.b.f.s.DefaultListableBeanFactory - Finished creating instance of bean 'engineer'
835  [main] DEBUG o.s.b.f.s.DefaultListableBeanFactory - Creating shared instance of singleton bean 'demoBean'
836  [main] DEBUG o.s.b.f.s.DefaultListableBeanFactory - Creating instance of bean 'demoBean'
836  [main] DEBUG o.s.b.f.s.DefaultListableBeanFactory - Returning cached instance of singleton bean 'springConfigurationClassFile'
837  [main] DEBUG o.s.b.f.s.DefaultListableBeanFactory - Returning cached instance of singleton bean 'engineer'
839  [main] DEBUG o.s.b.f.s.DefaultListableBeanFactory - Eagerly caching bean 'demoBean' to allow for resolving potential circular references
842  [main] DEBUG o.s.b.f.s.DefaultListableBeanFactory - Finished creating instance of bean 'demoBean'
842  [main] DEBUG o.s.b.f.s.DefaultListableBeanFactory - Returning cached instance of singleton bean 'org.springframework.context.event.internalEventListenerFactory'
883  [main] DEBUG o.s.c.a.AnnotationConfigApplicationContext - Unable to locate LifecycleProcessor with name 'lifecycleProcessor': using default [org.springframework.context.support.DefaultLifecycleProcessor@50eac852]
883  [main] DEBUG o.s.b.f.s.DefaultListableBeanFactory - Returning cached instance of singleton bean 'lifecycleProcessor'
888  [main] DEBUG o.s.c.e.PropertySourcesPropertyResolver - Could not find key 'spring.liveBeansView.mbeanDomain' in any property source
890  [main] DEBUG o.s.b.f.s.DefaultListableBeanFactory - Returning cached instance of singleton bean 'demoBean'
